{"level":"info","message":"Loading Mongoose functionality","timestamp":"18:28:49"}
{"level":"info","message":"mongoose connected to the database","timestamp":"18:28:50"}
{"level":"info","message":"Request from ::1","timestamp":"18:30:37"}
{"level":"info","message":"Request from ::1","timestamp":"18:30:38"}
{"level":"verbose","message":"Get Galleries 5a5e6f88f4a23926d826f4e3","timestamp":"18:30:38"}
{"level":"info","message":"Request from ::1","timestamp":"18:30:41"}
{"level":"info","message":"Delete this Gallery","timestamp":"18:30:41"}
{"level":"info","message":"Request from ::1","timestamp":"18:30:41"}
{"level":"info","message":"Delete this Gallery","timestamp":"18:30:41"}
{"level":"info","message":"Request from ::1","timestamp":"18:31:04"}
{"level":"info","message":"Request from ::1","timestamp":"18:31:04"}
{"level":"verbose","message":"Get Galleries 5a5e6f88f4a23926d826f4e3","timestamp":"18:31:04"}
{"level":"info","message":"Request from ::1","timestamp":"18:31:33"}
{"level":"verbose","message":"Create a Gallery","timestamp":"18:31:33"}
{"level":"info","message":"Request from ::1","timestamp":"18:31:40"}
{"level":"verbose","message":"Get Pictures in a Gallery 5a78f765693fe00690330921","timestamp":"18:31:40"}
{"level":"info","message":"Request from ::1","timestamp":"18:31:45"}
{"level":"verbose","message":"Get Galleries 5a5e6f88f4a23926d826f4e3","timestamp":"18:31:45"}
{"level":"info","message":"Request from ::1","timestamp":"18:31:51"}
{"level":"verbose","message":"Get Pictures in a Gallery 5a78f765693fe00690330921","timestamp":"18:31:51"}
{"level":"info","message":"Request from ::1","timestamp":"18:32:37"}
{"level":"verbose","message":"Add a picture to a gallery","timestamp":"18:32:37"}
{"level":"info","message":"Request from ::1","timestamp":"18:32:37"}
{"level":"info","message":"Request from ::1","timestamp":"18:33:15"}
{"level":"verbose","message":"Get Pictures in a Gallery 5a78f765693fe00690330921","timestamp":"18:33:15"}
{"level":"info","message":"Request from ::1","timestamp":"18:33:15"}
